<?xml version="1.0" encoding="UTF-8"?>
<!-- Generated by org.testng.reporters.JUnitReportReporter -->
<testsuite hostname="PC-201011281312" name="test.dbadapter.InsertMtTest" tests="1" failures="0" timestamp="20 Feb 2014 13:47:56 GMT" time="0.813" errors="0">
  <testcase name="mySQLInsert" time="0.813" classname="test.dbadapter.InsertMtTest"/>
</testsuite> <!-- test.dbadapter.InsertMtTest -->
